{"C:\\Users\\Erika\\Desktop\\dev\\convertMyMoneyTest\\lib\\api.bcb.js": {"path":"C:\\Users\\Erika\\Desktop\\dev\\convertMyMoneyTest\\lib\\api.bcb.js","statementMap":{"0":{"start":{"line":1,"column":14},"end":{"line":1,"column":30}},"1":{"start":{"line":3,"column":15},"end":{"line":3,"column":236}},"2":{"start":{"line":3,"column":23},"end":{"line":3,"column":236}},"3":{"start":{"line":5,"column":20},"end":{"line":5,"column":43}},"4":{"start":{"line":5,"column":29},"end":{"line":5,"column":43}},"5":{"start":{"line":6,"column":21},"end":{"line":6,"column":58}},"6":{"start":{"line":6,"column":28},"end":{"line":6,"column":58}},"7":{"start":{"line":8,"column":17},"end":{"line":11,"column":1}},"8":{"start":{"line":9,"column":18},"end":{"line":9,"column":28}},"9":{"start":{"line":10,"column":4},"end":{"line":10,"column":85}},"10":{"start":{"line":13,"column":17},"end":{"line":23,"column":1}},"11":{"start":{"line":14,"column":4},"end":{"line":22,"column":5}},"12":{"start":{"line":15,"column":22},"end":{"line":15,"column":32}},"13":{"start":{"line":16,"column":20},"end":{"line":16,"column":33}},"14":{"start":{"line":17,"column":20},"end":{"line":17,"column":42}},"15":{"start":{"line":18,"column":22},"end":{"line":18,"column":39}},"16":{"start":{"line":19,"column":8},"end":{"line":19,"column":20}},"17":{"start":{"line":21,"column":8},"end":{"line":21,"column":17}},"18":{"start":{"line":25,"column":0},"end":{"line":29,"column":1}}},"fnMap":{"0":{"name":"(anonymous_0)","decl":{"start":{"line":3,"column":15},"end":{"line":3,"column":16}},"loc":{"start":{"line":3,"column":23},"end":{"line":3,"column":236}},"line":3},"1":{"name":"(anonymous_1)","decl":{"start":{"line":5,"column":20},"end":{"line":5,"column":21}},"loc":{"start":{"line":5,"column":29},"end":{"line":5,"column":43}},"line":5},"2":{"name":"(anonymous_2)","decl":{"start":{"line":6,"column":21},"end":{"line":6,"column":22}},"loc":{"start":{"line":6,"column":28},"end":{"line":6,"column":58}},"line":6},"3":{"name":"(anonymous_3)","decl":{"start":{"line":8,"column":17},"end":{"line":8,"column":18}},"loc":{"start":{"line":8,"column":23},"end":{"line":11,"column":1}},"line":8},"4":{"name":"(anonymous_4)","decl":{"start":{"line":13,"column":17},"end":{"line":13,"column":18}},"loc":{"start":{"line":13,"column":29},"end":{"line":23,"column":1}},"line":13}},"branchMap":{},"s":{"0":1,"1":1,"2":0,"3":1,"4":1,"5":1,"6":1,"7":1,"8":0,"9":0,"10":1,"11":0,"12":0,"13":0,"14":0,"15":0,"16":0,"17":0,"18":1},"f":{"0":0,"1":1,"2":1,"3":0,"4":0},"b":{},"_coverageSchema":"1a1c01bbd47fc00a2c39e90264f33305004495a9","hash":"66ff139309b6ee51e1f272bddf5a2ccf666f5911"}
,"C:\\Users\\Erika\\Desktop\\dev\\convertMyMoneyTest\\lib\\convert.js": {"path":"C:\\Users\\Erika\\Desktop\\dev\\convertMyMoneyTest\\lib\\convert.js","statementMap":{"0":{"start":{"line":1,"column":16},"end":{"line":3,"column":1}},"1":{"start":{"line":2,"column":4},"end":{"line":2,"column":25}},"2":{"start":{"line":5,"column":16},"end":{"line":7,"column":1}},"3":{"start":{"line":6,"column":4},"end":{"line":6,"column":39}},"4":{"start":{"line":9,"column":0},"end":{"line":11,"column":1}}},"fnMap":{"0":{"name":"(anonymous_0)","decl":{"start":{"line":1,"column":16},"end":{"line":1,"column":17}},"loc":{"start":{"line":1,"column":35},"end":{"line":3,"column":1}},"line":1},"1":{"name":"(anonymous_1)","decl":{"start":{"line":5,"column":16},"end":{"line":5,"column":17}},"loc":{"start":{"line":5,"column":25},"end":{"line":7,"column":1}},"line":5}},"branchMap":{},"s":{"0":1,"1":2,"2":1,"3":2,"4":1},"f":{"0":2,"1":2},"b":{},"_coverageSchema":"1a1c01bbd47fc00a2c39e90264f33305004495a9","hash":"1d11cc27936d15cbb2c5eb39e76270d903992d06"}
}
